<?xml version="1.0" encoding="UTF-8"?>
<TestRun id="f4948b28-b61f-4416-a5f9-4569b01abcb0" name="Tordek@TORDEK-PC 2010-09-25 18:48:41" runUser="Tordek-PC\Tordek" xmlns="http://microsoft.com/schemas/VisualStudio/TeamTest/2010">
  <TestSettings name="Local" id="c7b5a916-ae87-4048-b6db-272523a01ffc">
    <Description>These are default test settings for a local test run.</Description>
    <Deployment enabled="false" runDeploymentRoot="Tordek_TORDEK-PC 2010-09-25 18_48_41">
      <DeploymentItem filename="C:\Users\Tordek\Documents\Visual Studio 2010\Projects\Banco\Banco\bin\Debug\Banco.dll" />
    </Deployment>
    <Execution>
      <TestTypeSpecific />
      <AgentRule name="Execution Agents">
      </AgentRule>
    </Execution>
  </TestSettings>
  <Times creation="2010-09-25T18:48:41.1651949-03:00" queuing="2010-09-25T18:48:42.0242441-03:00" start="2010-09-25T18:48:42.1002484-03:00" finish="2010-09-25T18:48:44.9754129-03:00" />
  <ResultSummary outcome="Completed">
    <Counters total="9" executed="9" passed="9" error="0" failed="0" timeout="0" aborted="0" inconclusive="0" passedButRunAborted="0" notRunnable="0" notExecuted="0" disconnected="0" warning="0" completed="0" inProgress="0" pending="0" />
  </ResultSummary>
  <TestDefinitions>
    <UnitTest name="deveria_trazer_conexao" storage="c:\users\tordek\documents\visual studio 2010\projects\banco\reservateste\bin\debug\reservateste.dll" id="d8d3a8ab-205a-77b5-e05f-6f84170efb50">
      <Execution id="23deb933-48b7-4d3d-8dc5-9fd5b63d079b" />
      <TestMethod codeBase="C:/Users/Tordek/Documents/Visual Studio 2010/Projects/Banco/ReservaTeste/bin/Debug/ReservaTeste.DLL" adapterTypeName="Microsoft.VisualStudio.TestTools.TestTypes.Unit.UnitTestAdapter, Microsoft.VisualStudio.QualityTools.Tips.UnitTest.Adapter, Version=10.0.0.0, Culture=neutral, PublicKeyToken=b03f5f7f11d50a3a" className="ReservaTeste.ConnectionTest, ReservaTeste, Version=1.0.0.0, Culture=neutral, PublicKeyToken=null" name="deveria_trazer_conexao" />
    </UnitTest>
    <UnitTest name="deveria_inserir_usuario" storage="c:\users\tordek\documents\visual studio 2010\projects\banco\reservateste\bin\debug\reservateste.dll" id="cbb8e3bf-86c8-2b55-9d46-d67ffd6ca901">
      <Execution id="357f033f-f8c0-43e4-8562-6b4ca26e2d46" />
      <TestMethod codeBase="C:/Users/Tordek/Documents/Visual Studio 2010/Projects/Banco/ReservaTeste/bin/Debug/ReservaTeste.DLL" adapterTypeName="Microsoft.VisualStudio.TestTools.TestTypes.Unit.UnitTestAdapter, Microsoft.VisualStudio.QualityTools.Tips.UnitTest.Adapter, Version=10.0.0.0, Culture=neutral, PublicKeyToken=b03f5f7f11d50a3a" className="BancoTest.BancoTest, ReservaTeste, Version=1.0.0.0, Culture=neutral, PublicKeyToken=null" name="deveria_inserir_usuario" />
    </UnitTest>
    <UnitTest name="deveria_buscar_usuario_pelo_Command_denovo" storage="c:\users\tordek\documents\visual studio 2010\projects\banco\reservateste\bin\debug\reservateste.dll" id="b019bf55-10f0-69c2-90ef-961bd4361fe3">
      <Execution id="df2113e4-7cce-4e22-b66a-6ee5d8a86eec" />
      <TestMethod codeBase="C:/Users/Tordek/Documents/Visual Studio 2010/Projects/Banco/ReservaTeste/bin/Debug/ReservaTeste.DLL" adapterTypeName="Microsoft.VisualStudio.TestTools.TestTypes.Unit.UnitTestAdapter, Microsoft.VisualStudio.QualityTools.Tips.UnitTest.Adapter, Version=10.0.0.0, Culture=neutral, PublicKeyToken=b03f5f7f11d50a3a" className="ReservaTeste.ConnectionTest, ReservaTeste, Version=1.0.0.0, Culture=neutral, PublicKeyToken=null" name="deveria_buscar_usuario_pelo_Command_denovo" />
    </UnitTest>
    <UnitTest name="deveria_ter_o_mesmo_hash" storage="c:\users\tordek\documents\visual studio 2010\projects\banco\reservateste\bin\debug\reservateste.dll" id="9942daa5-a064-c005-2ef9-636721b2e10a">
      <Execution id="c1e1d73a-1d4b-4d5a-9bc4-b500e0fac7ff" />
      <TestMethod codeBase="C:/Users/Tordek/Documents/Visual Studio 2010/Projects/Banco/ReservaTeste/bin/Debug/ReservaTeste.DLL" adapterTypeName="Microsoft.VisualStudio.TestTools.TestTypes.Unit.UnitTestAdapter, Microsoft.VisualStudio.QualityTools.Tips.UnitTest.Adapter, Version=10.0.0.0, Culture=neutral, PublicKeyToken=b03f5f7f11d50a3a" className="ReservaTeste.ConnectionTest, ReservaTeste, Version=1.0.0.0, Culture=neutral, PublicKeyToken=null" name="deveria_ter_o_mesmo_hash" />
    </UnitTest>
    <UnitTest name="deveria_trazer_um_DataTable" storage="c:\users\tordek\documents\visual studio 2010\projects\banco\reservateste\bin\debug\reservateste.dll" id="bd4154a3-bb77-e24c-6eb0-af1c9ba69852">
      <Execution id="d2cb048a-2d55-407e-a8a6-ecbd779b2380" />
      <TestMethod codeBase="C:/Users/Tordek/Documents/Visual Studio 2010/Projects/Banco/ReservaTeste/bin/Debug/ReservaTeste.DLL" adapterTypeName="Microsoft.VisualStudio.TestTools.TestTypes.Unit.UnitTestAdapter, Microsoft.VisualStudio.QualityTools.Tips.UnitTest.Adapter, Version=10.0.0.0, Culture=neutral, PublicKeyToken=b03f5f7f11d50a3a" className="BancoTest.BancoTest, ReservaTeste, Version=1.0.0.0, Culture=neutral, PublicKeyToken=null" name="deveria_trazer_um_DataTable" />
    </UnitTest>
    <UnitTest name="deveria_buscar_usuario_pelo_Command" storage="c:\users\tordek\documents\visual studio 2010\projects\banco\reservateste\bin\debug\reservateste.dll" id="69856786-12ed-7c5e-530e-466e9cf89972">
      <Execution id="ec8a2363-016e-4409-8823-220551a87235" />
      <TestMethod codeBase="C:/Users/Tordek/Documents/Visual Studio 2010/Projects/Banco/ReservaTeste/bin/Debug/ReservaTeste.DLL" adapterTypeName="Microsoft.VisualStudio.TestTools.TestTypes.Unit.UnitTestAdapter, Microsoft.VisualStudio.QualityTools.Tips.UnitTest.Adapter, Version=10.0.0.0, Culture=neutral, PublicKeyToken=b03f5f7f11d50a3a" className="ReservaTeste.ConnectionTest, ReservaTeste, Version=1.0.0.0, Culture=neutral, PublicKeyToken=null" name="deveria_buscar_usuario_pelo_Command" />
    </UnitTest>
    <UnitTest name="deveria_ler_um_objeto_sqldatareade" storage="c:\users\tordek\documents\visual studio 2010\projects\banco\reservateste\bin\debug\reservateste.dll" id="28a00470-f93f-a7e1-ba72-23860b4b3d55">
      <Execution id="a9705409-548f-417d-8c5e-5844e49ccd2a" />
      <TestMethod codeBase="C:/Users/Tordek/Documents/Visual Studio 2010/Projects/Banco/ReservaTeste/bin/Debug/ReservaTeste.DLL" adapterTypeName="Microsoft.VisualStudio.TestTools.TestTypes.Unit.UnitTestAdapter, Microsoft.VisualStudio.QualityTools.Tips.UnitTest.Adapter, Version=10.0.0.0, Culture=neutral, PublicKeyToken=b03f5f7f11d50a3a" className="BancoTest.BancoTest, ReservaTeste, Version=1.0.0.0, Culture=neutral, PublicKeyToken=null" name="deveria_ler_um_objeto_sqldatareade" />
    </UnitTest>
    <UnitTest name="deveria_instanciar_uma_conexao_com_o_banco" storage="c:\users\tordek\documents\visual studio 2010\projects\banco\reservateste\bin\debug\reservateste.dll" id="76cb79dd-aea1-a129-200c-53fbfca57274">
      <Execution id="6a36bde9-09ac-49ad-be3d-686779532ad2" />
      <TestMethod codeBase="C:/Users/Tordek/Documents/Visual Studio 2010/Projects/Banco/ReservaTeste/bin/Debug/ReservaTeste.DLL" adapterTypeName="Microsoft.VisualStudio.TestTools.TestTypes.Unit.UnitTestAdapter, Microsoft.VisualStudio.QualityTools.Tips.UnitTest.Adapter, Version=10.0.0.0, Culture=neutral, PublicKeyToken=b03f5f7f11d50a3a" className="ReservaTeste.ConnectionTest, ReservaTeste, Version=1.0.0.0, Culture=neutral, PublicKeyToken=null" name="deveria_instanciar_uma_conexao_com_o_banco" />
    </UnitTest>
    <UnitTest name="deveria_ler_um_objeto_sqldatareader_duas_vezes" storage="c:\users\tordek\documents\visual studio 2010\projects\banco\reservateste\bin\debug\reservateste.dll" id="65af4af8-fa85-8246-83fb-d31c4b799c87">
      <Execution id="aa2609cb-09aa-443d-bd4c-6e704e346ff6" />
      <TestMethod codeBase="C:/Users/Tordek/Documents/Visual Studio 2010/Projects/Banco/ReservaTeste/bin/Debug/ReservaTeste.DLL" adapterTypeName="Microsoft.VisualStudio.TestTools.TestTypes.Unit.UnitTestAdapter, Microsoft.VisualStudio.QualityTools.Tips.UnitTest.Adapter, Version=10.0.0.0, Culture=neutral, PublicKeyToken=b03f5f7f11d50a3a" className="BancoTest.BancoTest, ReservaTeste, Version=1.0.0.0, Culture=neutral, PublicKeyToken=null" name="deveria_ler_um_objeto_sqldatareader_duas_vezes" />
    </UnitTest>
  </TestDefinitions>
  <TestLists>
    <TestList name="Results Not in a List" id="8c84fa94-04c1-424b-9868-57a2d4851a1d" />
    <TestList name="All Loaded Results" id="19431567-8539-422a-85d7-44ee4e166bda" />
  </TestLists>
  <TestEntries>
    <TestEntry testId="28a00470-f93f-a7e1-ba72-23860b4b3d55" executionId="a9705409-548f-417d-8c5e-5844e49ccd2a" testListId="8c84fa94-04c1-424b-9868-57a2d4851a1d" />
    <TestEntry testId="65af4af8-fa85-8246-83fb-d31c4b799c87" executionId="aa2609cb-09aa-443d-bd4c-6e704e346ff6" testListId="8c84fa94-04c1-424b-9868-57a2d4851a1d" />
    <TestEntry testId="69856786-12ed-7c5e-530e-466e9cf89972" executionId="ec8a2363-016e-4409-8823-220551a87235" testListId="8c84fa94-04c1-424b-9868-57a2d4851a1d" />
    <TestEntry testId="76cb79dd-aea1-a129-200c-53fbfca57274" executionId="6a36bde9-09ac-49ad-be3d-686779532ad2" testListId="8c84fa94-04c1-424b-9868-57a2d4851a1d" />
    <TestEntry testId="9942daa5-a064-c005-2ef9-636721b2e10a" executionId="c1e1d73a-1d4b-4d5a-9bc4-b500e0fac7ff" testListId="8c84fa94-04c1-424b-9868-57a2d4851a1d" />
    <TestEntry testId="b019bf55-10f0-69c2-90ef-961bd4361fe3" executionId="df2113e4-7cce-4e22-b66a-6ee5d8a86eec" testListId="8c84fa94-04c1-424b-9868-57a2d4851a1d" />
    <TestEntry testId="bd4154a3-bb77-e24c-6eb0-af1c9ba69852" executionId="d2cb048a-2d55-407e-a8a6-ecbd779b2380" testListId="8c84fa94-04c1-424b-9868-57a2d4851a1d" />
    <TestEntry testId="cbb8e3bf-86c8-2b55-9d46-d67ffd6ca901" executionId="357f033f-f8c0-43e4-8562-6b4ca26e2d46" testListId="8c84fa94-04c1-424b-9868-57a2d4851a1d" />
    <TestEntry testId="d8d3a8ab-205a-77b5-e05f-6f84170efb50" executionId="23deb933-48b7-4d3d-8dc5-9fd5b63d079b" testListId="8c84fa94-04c1-424b-9868-57a2d4851a1d" />
  </TestEntries>
  <Results>
    <UnitTestResult executionId="a9705409-548f-417d-8c5e-5844e49ccd2a" testId="28a00470-f93f-a7e1-ba72-23860b4b3d55" testName="deveria_ler_um_objeto_sqldatareade" computerName="TORDEK-PC" duration="00:00:00.0727140" startTime="2010-09-25T18:48:42.1612519-03:00" endTime="2010-09-25T18:48:43.1833104-03:00" testType="13cdc9d9-ddb5-4fa4-a97d-d965ccfc6d4b" outcome="Passed" testListId="8c84fa94-04c1-424b-9868-57a2d4851a1d" relativeResultsDirectory="a9705409-548f-417d-8c5e-5844e49ccd2a">
    </UnitTestResult>
    <UnitTestResult executionId="aa2609cb-09aa-443d-bd4c-6e704e346ff6" testId="65af4af8-fa85-8246-83fb-d31c4b799c87" testName="deveria_ler_um_objeto_sqldatareader_duas_vezes" computerName="TORDEK-PC" duration="00:00:00.0027370" startTime="2010-09-25T18:48:43.1973112-03:00" endTime="2010-09-25T18:48:43.2103119-03:00" testType="13cdc9d9-ddb5-4fa4-a97d-d965ccfc6d4b" outcome="Passed" testListId="8c84fa94-04c1-424b-9868-57a2d4851a1d" relativeResultsDirectory="aa2609cb-09aa-443d-bd4c-6e704e346ff6">
    </UnitTestResult>
    <UnitTestResult executionId="ec8a2363-016e-4409-8823-220551a87235" testId="69856786-12ed-7c5e-530e-466e9cf89972" testName="deveria_buscar_usuario_pelo_Command" computerName="TORDEK-PC" duration="00:00:00.0017951" startTime="2010-09-25T18:48:43.2183124-03:00" endTime="2010-09-25T18:48:43.2303130-03:00" testType="13cdc9d9-ddb5-4fa4-a97d-d965ccfc6d4b" outcome="Passed" testListId="8c84fa94-04c1-424b-9868-57a2d4851a1d" relativeResultsDirectory="ec8a2363-016e-4409-8823-220551a87235">
    </UnitTestResult>
    <UnitTestResult executionId="6a36bde9-09ac-49ad-be3d-686779532ad2" testId="76cb79dd-aea1-a129-200c-53fbfca57274" testName="deveria_instanciar_uma_conexao_com_o_banco" computerName="TORDEK-PC" duration="00:00:00.0003640" startTime="2010-09-25T18:48:43.2363134-03:00" endTime="2010-09-25T18:48:43.2463140-03:00" testType="13cdc9d9-ddb5-4fa4-a97d-d965ccfc6d4b" outcome="Passed" testListId="8c84fa94-04c1-424b-9868-57a2d4851a1d" relativeResultsDirectory="6a36bde9-09ac-49ad-be3d-686779532ad2">
    </UnitTestResult>
    <UnitTestResult executionId="c1e1d73a-1d4b-4d5a-9bc4-b500e0fac7ff" testId="9942daa5-a064-c005-2ef9-636721b2e10a" testName="deveria_ter_o_mesmo_hash" computerName="TORDEK-PC" duration="00:00:00.0018567" startTime="2010-09-25T18:48:43.2583146-03:00" endTime="2010-09-25T18:48:43.2773157-03:00" testType="13cdc9d9-ddb5-4fa4-a97d-d965ccfc6d4b" outcome="Passed" testListId="8c84fa94-04c1-424b-9868-57a2d4851a1d" relativeResultsDirectory="c1e1d73a-1d4b-4d5a-9bc4-b500e0fac7ff">
    </UnitTestResult>
    <UnitTestResult executionId="df2113e4-7cce-4e22-b66a-6ee5d8a86eec" testId="b019bf55-10f0-69c2-90ef-961bd4361fe3" testName="deveria_buscar_usuario_pelo_Command_denovo" computerName="TORDEK-PC" duration="00:00:00.0022699" startTime="2010-09-25T18:48:43.2923166-03:00" endTime="2010-09-25T18:48:43.3043173-03:00" testType="13cdc9d9-ddb5-4fa4-a97d-d965ccfc6d4b" outcome="Passed" testListId="8c84fa94-04c1-424b-9868-57a2d4851a1d" relativeResultsDirectory="df2113e4-7cce-4e22-b66a-6ee5d8a86eec">
    </UnitTestResult>
    <UnitTestResult executionId="d2cb048a-2d55-407e-a8a6-ecbd779b2380" testId="bd4154a3-bb77-e24c-6eb0-af1c9ba69852" testName="deveria_trazer_um_DataTable" computerName="TORDEK-PC" duration="00:00:00.0101107" startTime="2010-09-25T18:48:43.3083175-03:00" endTime="2010-09-25T18:48:43.3273186-03:00" testType="13cdc9d9-ddb5-4fa4-a97d-d965ccfc6d4b" outcome="Passed" testListId="8c84fa94-04c1-424b-9868-57a2d4851a1d" relativeResultsDirectory="d2cb048a-2d55-407e-a8a6-ecbd779b2380">
    </UnitTestResult>
    <UnitTestResult executionId="357f033f-f8c0-43e4-8562-6b4ca26e2d46" testId="cbb8e3bf-86c8-2b55-9d46-d67ffd6ca901" testName="deveria_inserir_usuario" computerName="TORDEK-PC" duration="00:00:00.0047739" startTime="2010-09-25T18:48:43.3553202-03:00" endTime="2010-09-25T18:48:43.3743213-03:00" testType="13cdc9d9-ddb5-4fa4-a97d-d965ccfc6d4b" outcome="Passed" testListId="8c84fa94-04c1-424b-9868-57a2d4851a1d" relativeResultsDirectory="357f033f-f8c0-43e4-8562-6b4ca26e2d46">
    </UnitTestResult>
    <UnitTestResult executionId="23deb933-48b7-4d3d-8dc5-9fd5b63d079b" testId="d8d3a8ab-205a-77b5-e05f-6f84170efb50" testName="deveria_trazer_conexao" computerName="TORDEK-PC" duration="00:00:00.0003494" startTime="2010-09-25T18:48:43.3843219-03:00" endTime="2010-09-25T18:48:43.3983227-03:00" testType="13cdc9d9-ddb5-4fa4-a97d-d965ccfc6d4b" outcome="Passed" testListId="8c84fa94-04c1-424b-9868-57a2d4851a1d" relativeResultsDirectory="23deb933-48b7-4d3d-8dc5-9fd5b63d079b">
    </UnitTestResult>
  </Results>
</TestRun>